<?xml version="1.0" encoding="UTF-8"?>
<testng-results skipped="0" failed="0" total="4" passed="4">
  <reporter-output>
  </reporter-output>
  <suite name="Suite" duration-ms="32536" started-at="2022-01-29T13:06:53Z" finished-at="2022-01-29T13:07:25Z">
    <groups>
    </groups>
    <test name="Home Page Test" duration-ms="22024" started-at="2022-01-29T13:06:53Z" finished-at="2022-01-29T13:07:15Z">
      <class name="testCases.HomePage">
        <test-method status="PASS" signature="setup()[pri:0, instance:testCases.HomePage@4b2bac3f]" name="setup" is-config="true" duration-ms="8649" started-at="2022-01-29T18:36:53Z" finished-at="2022-01-29T18:37:01Z">
          <reporter-output>
          </reporter-output>
        </test-method> <!-- setup -->
        <test-method status="PASS" signature="basePageNavigation(java.lang.String, java.lang.String)[pri:0, instance:testCases.HomePage@4b2bac3f]" name="basePageNavigation" duration-ms="9856" started-at="2022-01-29T18:37:01Z" data-provider="getData" finished-at="2022-01-29T18:37:11Z">
          <params>
            <param index="0">
              <value>
                <![CDATA[restricteduser@qw.com]]>
              </value>
            </param>
            <param index="1">
              <value>
                <![CDATA[password]]>
              </value>
            </param>
          </params>
          <reporter-output>
          </reporter-output>
        </test-method> <!-- basePageNavigation -->
        <test-method status="PASS" signature="basePageNavigation(java.lang.String, java.lang.String)[pri:0, instance:testCases.HomePage@4b2bac3f]" name="basePageNavigation" duration-ms="3388" started-at="2022-01-29T18:37:11Z" data-provider="getData" finished-at="2022-01-29T18:37:15Z">
          <params>
            <param index="0">
              <value>
                <![CDATA[nonrestricteduser@qw.com]]>
              </value>
            </param>
            <param index="1">
              <value>
                <![CDATA[newpassword]]>
              </value>
            </param>
          </params>
          <reporter-output>
          </reporter-output>
        </test-method> <!-- basePageNavigation -->
        <test-method status="PASS" signature="tearDown()[pri:0, instance:testCases.HomePage@4b2bac3f]" name="tearDown" is-config="true" duration-ms="114" started-at="2022-01-29T18:37:15Z" finished-at="2022-01-29T18:37:15Z">
          <reporter-output>
          </reporter-output>
        </test-method> <!-- tearDown -->
      </class> <!-- testCases.HomePage -->
    </test> <!-- Home Page Test -->
    <test name="Validate Title Test" duration-ms="4620" started-at="2022-01-29T13:07:15Z" finished-at="2022-01-29T13:07:20Z">
      <class name="testCases.ValidateTitle">
        <test-method status="PASS" signature="setup()[pri:0, instance:testCases.ValidateTitle@302c971f]" name="setup" is-config="true" duration-ms="4405" started-at="2022-01-29T18:37:15Z" finished-at="2022-01-29T18:37:20Z">
          <reporter-output>
          </reporter-output>
        </test-method> <!-- setup -->
        <test-method status="PASS" signature="titlePageNavigation()[pri:0, instance:testCases.ValidateTitle@302c971f]" name="titlePageNavigation" duration-ms="113" started-at="2022-01-29T18:37:20Z" finished-at="2022-01-29T18:37:20Z">
          <reporter-output>
          </reporter-output>
        </test-method> <!-- titlePageNavigation -->
        <test-method status="PASS" signature="tearDown()[pri:0, instance:testCases.ValidateTitle@302c971f]" name="tearDown" is-config="true" duration-ms="102" started-at="2022-01-29T18:37:20Z" finished-at="2022-01-29T18:37:20Z">
          <reporter-output>
          </reporter-output>
        </test-method> <!-- tearDown -->
      </class> <!-- testCases.ValidateTitle -->
    </test> <!-- Validate Title Test -->
    <test name="Validate Navigation Test" duration-ms="5158" started-at="2022-01-29T13:07:20Z" finished-at="2022-01-29T13:07:25Z">
      <class name="testCases.ValidateNavigationBar">
        <test-method status="PASS" signature="setup()[pri:0, instance:testCases.ValidateNavigationBar@548a24a]" name="setup" is-config="true" duration-ms="4931" started-at="2022-01-29T18:37:20Z" finished-at="2022-01-29T18:37:25Z">
          <reporter-output>
          </reporter-output>
        </test-method> <!-- setup -->
        <test-method status="PASS" signature="pageNavigationBar()[pri:0, instance:testCases.ValidateNavigationBar@548a24a]" name="pageNavigationBar" duration-ms="132" started-at="2022-01-29T18:37:25Z" finished-at="2022-01-29T18:37:25Z">
          <reporter-output>
          </reporter-output>
        </test-method> <!-- pageNavigationBar -->
        <test-method status="PASS" signature="tearDown()[pri:0, instance:testCases.ValidateNavigationBar@548a24a]" name="tearDown" is-config="true" duration-ms="95" started-at="2022-01-29T18:37:25Z" finished-at="2022-01-29T18:37:25Z">
          <reporter-output>
          </reporter-output>
        </test-method> <!-- tearDown -->
      </class> <!-- testCases.ValidateNavigationBar -->
    </test> <!-- Validate Navigation Test -->
  </suite> <!-- Suite -->
</testng-results>
