<?xml version="1.0" encoding="UTF-8"?>
<testng-results skipped="0" failed="0" ignored="0" total="2" passed="2">
  <reporter-output>
  </reporter-output>
  <suite name="Default suite" duration-ms="10374" started-at="2022-01-29T10:35:44Z" finished-at="2022-01-29T10:35:55Z">
    <groups>
    </groups>
    <test name="Default test" duration-ms="10374" started-at="2022-01-29T10:35:44Z" finished-at="2022-01-29T10:35:55Z">
      <class name="testCases.HomePage">
        <test-method status="PASS" signature="setup()[pri:0, instance:testCases.HomePage@7b02881e]" name="setup" is-config="true" duration-ms="3470" started-at="2022-01-29T10:35:44Z" finished-at="2022-01-29T10:35:48Z">
          <reporter-output>
          </reporter-output>
        </test-method> <!-- setup -->
        <test-method status="PASS" signature="basePageNavigation(java.lang.String, java.lang.String)[pri:0, instance:testCases.HomePage@7b02881e]" name="basePageNavigation" duration-ms="4238" started-at="2022-01-29T10:35:48Z" data-provider="getData" finished-at="2022-01-29T10:35:52Z">
          <params>
            <param index="0">
              <value>
                <![CDATA[restricteduser@qw.com]]>
              </value>
            </param>
            <param index="1">
              <value>
                <![CDATA[password]]>
              </value>
            </param>
          </params>
          <reporter-output>
          </reporter-output>
        </test-method> <!-- basePageNavigation -->
        <test-method status="PASS" signature="basePageNavigation(java.lang.String, java.lang.String)[pri:0, instance:testCases.HomePage@7b02881e]" name="basePageNavigation" duration-ms="2373" started-at="2022-01-29T10:35:52Z" data-provider="getData" finished-at="2022-01-29T10:35:54Z">
          <params>
            <param index="0">
              <value>
                <![CDATA[nonrestricteduser@qw.com]]>
              </value>
            </param>
            <param index="1">
              <value>
                <![CDATA[newpassword]]>
              </value>
            </param>
          </params>
          <reporter-output>
          </reporter-output>
        </test-method> <!-- basePageNavigation -->
        <test-method status="PASS" signature="tearDown()[pri:0, instance:testCases.HomePage@7b02881e]" name="tearDown" is-config="true" duration-ms="258" started-at="2022-01-29T10:35:54Z" finished-at="2022-01-29T10:35:55Z">
          <reporter-output>
          </reporter-output>
        </test-method> <!-- tearDown -->
      </class> <!-- testCases.HomePage -->
    </test> <!-- Default test -->
  </suite> <!-- Default suite -->
</testng-results>
